{"C:\\PROGRAMACIO\\ProjectesREACT\\rest_api_node_ts_server\\src\\router.ts": {"path":"C:\\PROGRAMACIO\\ProjectesREACT\\rest_api_node_ts_server\\src\\router.ts","statementMap":{"0":{"start":{"line":1,"column":0},"end":{"line":1,"column":33}},"1":{"start":{"line":2,"column":0},"end":{"line":2,"column":130}},"2":{"start":{"line":3,"column":0},"end":{"line":3,"column":48}},"3":{"start":{"line":4,"column":0},"end":{"line":4,"column":49}},"4":{"start":{"line":6,"column":15},"end":{"line":6,"column":23}},"5":{"start":{"line":10,"column":0},"end":{"line":10,"column":null}},"6":{"start":{"line":11,"column":0},"end":{"line":15,"column":null}},"7":{"start":{"line":19,"column":0},"end":{"line":30,"column":null}},"8":{"start":{"line":28,"column":25},"end":{"line":28,"column":34}},"9":{"start":{"line":34,"column":0},"end":{"line":48,"column":null}},"10":{"start":{"line":42,"column":25},"end":{"line":42,"column":34}},"11":{"start":{"line":51,"column":0},"end":{"line":54,"column":null}},"12":{"start":{"line":56,"column":0},"end":{"line":62,"column":null}},"13":{"start":{"line":63,"column":0},"end":{"line":63,"column":null}}},"fnMap":{"0":{"name":"(anonymous_0)","decl":{"start":{"line":28,"column":16},"end":{"line":28,"column":21}},"loc":{"start":{"line":28,"column":25},"end":{"line":28,"column":34}}},"1":{"name":"(anonymous_1)","decl":{"start":{"line":42,"column":16},"end":{"line":42,"column":21}},"loc":{"start":{"line":42,"column":25},"end":{"line":42,"column":34}}}},"branchMap":{},"s":{"0":2,"1":2,"2":2,"3":2,"4":2,"5":2,"6":2,"7":2,"8":3,"9":2,"10":5,"11":2,"12":2,"13":2},"f":{"0":3,"1":5},"b":{}}
,"C:\\PROGRAMACIO\\ProjectesREACT\\rest_api_node_ts_server\\src\\server.ts": {"path":"C:\\PROGRAMACIO\\ProjectesREACT\\rest_api_node_ts_server\\src\\server.ts","statementMap":{"0":{"start":{"line":7,"column":0},"end":{"line":7,"column":7}},"1":{"start":{"line":1,"column":0},"end":{"line":1,"column":30}},"2":{"start":{"line":2,"column":0},"end":{"line":2,"column":30}},"3":{"start":{"line":3,"column":0},"end":{"line":3,"column":29}},"4":{"start":{"line":10,"column":2},"end":{"line":16,"column":3}},"5":{"start":{"line":11,"column":4},"end":{"line":11,"column":null}},"6":{"start":{"line":12,"column":4},"end":{"line":12,"column":null}},"7":{"start":{"line":15,"column":4},"end":{"line":15,"column":null}},"8":{"start":{"line":22,"column":0},"end":{"line":22,"column":null}},"9":{"start":{"line":24,"column":15},"end":{"line":24,"column":24}},"10":{"start":{"line":27,"column":0},"end":{"line":27,"column":null}},"11":{"start":{"line":31,"column":0},"end":{"line":31,"column":null}},"12":{"start":{"line":32,"column":0},"end":{"line":34,"column":null}},"13":{"start":{"line":33,"column":2},"end":{"line":33,"column":null}},"14":{"start":{"line":35,"column":0},"end":{"line":35,"column":null}}},"fnMap":{"0":{"name":"connectDB","decl":{"start":{"line":7,"column":22},"end":{"line":7,"column":31}},"loc":{"start":{"line":7,"column":31},"end":{"line":21,"column":1}}},"1":{"name":"(anonymous_2)","decl":{"start":{"line":32,"column":19},"end":{"line":32,"column":20}},"loc":{"start":{"line":32,"column":32},"end":{"line":34,"column":1}}}},"branchMap":{},"s":{"0":2,"1":2,"2":2,"3":2,"4":3,"5":3,"6":2,"7":1,"8":2,"9":2,"10":2,"11":2,"12":2,"13":1,"14":2},"f":{"0":3,"1":1},"b":{}}
,"C:\\PROGRAMACIO\\ProjectesREACT\\rest_api_node_ts_server\\src\\config\\db.ts": {"path":"C:\\PROGRAMACIO\\ProjectesREACT\\rest_api_node_ts_server\\src\\config\\db.ts","statementMap":{"0":{"start":{"line":1,"column":0},"end":{"line":1,"column":49}},"1":{"start":{"line":2,"column":0},"end":{"line":2,"column":27}},"2":{"start":{"line":4,"column":0},"end":{"line":4,"column":null}},"3":{"start":{"line":6,"column":9},"end":{"line":14,"column":2}},"4":{"start":{"line":16,"column":0},"end":{"line":16,"column":null}}},"fnMap":{},"branchMap":{},"s":{"0":2,"1":2,"2":2,"3":2,"4":2},"f":{},"b":{}}
,"C:\\PROGRAMACIO\\ProjectesREACT\\rest_api_node_ts_server\\src\\handlers\\product.ts": {"path":"C:\\PROGRAMACIO\\ProjectesREACT\\rest_api_node_ts_server\\src\\handlers\\product.ts","statementMap":{"0":{"start":{"line":3,"column":0},"end":{"line":3,"column":45}},"1":{"start":{"line":7,"column":27},"end":{"line":18,"column":1}},"2":{"start":{"line":9,"column":25},"end":{"line":15,"column":10}},"3":{"start":{"line":16,"column":8},"end":{"line":16,"column":null}},"4":{"start":{"line":7,"column":13},"end":{"line":7,"column":27}},"5":{"start":{"line":19,"column":30},"end":{"line":30,"column":1}},"6":{"start":{"line":21,"column":23},"end":{"line":21,"column":33}},"7":{"start":{"line":22,"column":24},"end":{"line":22,"column":50}},"8":{"start":{"line":23,"column":8},"end":{"line":26,"column":9}},"9":{"start":{"line":24,"column":12},"end":{"line":24,"column":null}},"10":{"start":{"line":25,"column":12},"end":{"line":25,"column":18}},"11":{"start":{"line":27,"column":8},"end":{"line":27,"column":null}},"12":{"start":{"line":19,"column":13},"end":{"line":19,"column":30}},"13":{"start":{"line":31,"column":29},"end":{"line":38,"column":1}},"14":{"start":{"line":33,"column":24},"end":{"line":33,"column":54}},"15":{"start":{"line":34,"column":8},"end":{"line":34,"column":null}},"16":{"start":{"line":31,"column":13},"end":{"line":31,"column":29}},"17":{"start":{"line":40,"column":29},"end":{"line":58,"column":1}},"18":{"start":{"line":42,"column":23},"end":{"line":42,"column":33}},"19":{"start":{"line":43,"column":24},"end":{"line":43,"column":50}},"20":{"start":{"line":44,"column":8},"end":{"line":47,"column":9}},"21":{"start":{"line":45,"column":12},"end":{"line":45,"column":null}},"22":{"start":{"line":46,"column":12},"end":{"line":46,"column":18}},"23":{"start":{"line":51,"column":8},"end":{"line":51,"column":null}},"24":{"start":{"line":53,"column":8},"end":{"line":53,"column":null}},"25":{"start":{"line":55,"column":8},"end":{"line":55,"column":null}},"26":{"start":{"line":40,"column":13},"end":{"line":40,"column":29}},"27":{"start":{"line":60,"column":34},"end":{"line":76,"column":1}},"28":{"start":{"line":62,"column":23},"end":{"line":62,"column":33}},"29":{"start":{"line":63,"column":24},"end":{"line":63,"column":50}},"30":{"start":{"line":64,"column":8},"end":{"line":67,"column":9}},"31":{"start":{"line":65,"column":12},"end":{"line":65,"column":null}},"32":{"start":{"line":66,"column":12},"end":{"line":66,"column":18}},"33":{"start":{"line":70,"column":8},"end":{"line":70,"column":null}},"34":{"start":{"line":71,"column":8},"end":{"line":71,"column":null}},"35":{"start":{"line":73,"column":8},"end":{"line":73,"column":null}},"36":{"start":{"line":60,"column":13},"end":{"line":60,"column":34}},"37":{"start":{"line":78,"column":29},"end":{"line":91,"column":1}},"38":{"start":{"line":80,"column":23},"end":{"line":80,"column":33}},"39":{"start":{"line":81,"column":24},"end":{"line":81,"column":50}},"40":{"start":{"line":82,"column":8},"end":{"line":85,"column":9}},"41":{"start":{"line":83,"column":12},"end":{"line":83,"column":null}},"42":{"start":{"line":84,"column":12},"end":{"line":84,"column":18}},"43":{"start":{"line":86,"column":8},"end":{"line":86,"column":null}},"44":{"start":{"line":88,"column":8},"end":{"line":88,"column":null}},"45":{"start":{"line":78,"column":13},"end":{"line":78,"column":29}}},"fnMap":{"0":{"name":"(anonymous_1)","decl":{"start":{"line":7,"column":27},"end":{"line":7,"column":32}},"loc":{"start":{"line":7,"column":65},"end":{"line":18,"column":1}}},"1":{"name":"(anonymous_2)","decl":{"start":{"line":19,"column":30},"end":{"line":19,"column":35}},"loc":{"start":{"line":19,"column":68},"end":{"line":30,"column":1}}},"2":{"name":"(anonymous_3)","decl":{"start":{"line":31,"column":29},"end":{"line":31,"column":34}},"loc":{"start":{"line":31,"column":67},"end":{"line":38,"column":1}}},"3":{"name":"(anonymous_4)","decl":{"start":{"line":40,"column":29},"end":{"line":40,"column":34}},"loc":{"start":{"line":40,"column":67},"end":{"line":58,"column":1}}},"4":{"name":"(anonymous_5)","decl":{"start":{"line":60,"column":34},"end":{"line":60,"column":39}},"loc":{"start":{"line":60,"column":72},"end":{"line":76,"column":1}}},"5":{"name":"(anonymous_6)","decl":{"start":{"line":78,"column":29},"end":{"line":78,"column":34}},"loc":{"start":{"line":78,"column":67},"end":{"line":91,"column":1}}}},"branchMap":{"0":{"loc":{"start":{"line":23,"column":8},"end":{"line":26,"column":9}},"type":"if","locations":[{"start":{"line":23,"column":8},"end":{"line":26,"column":9}}]},"1":{"loc":{"start":{"line":44,"column":8},"end":{"line":47,"column":9}},"type":"if","locations":[{"start":{"line":44,"column":8},"end":{"line":47,"column":9}}]},"2":{"loc":{"start":{"line":64,"column":8},"end":{"line":67,"column":9}},"type":"if","locations":[{"start":{"line":64,"column":8},"end":{"line":67,"column":9}}]},"3":{"loc":{"start":{"line":82,"column":8},"end":{"line":85,"column":9}},"type":"if","locations":[{"start":{"line":82,"column":8},"end":{"line":85,"column":9}}]}},"s":{"0":2,"1":2,"2":2,"3":2,"4":2,"5":2,"6":2,"7":2,"8":2,"9":1,"10":1,"11":1,"12":2,"13":2,"14":1,"15":1,"16":2,"17":2,"18":2,"19":2,"20":2,"21":1,"22":1,"23":1,"24":1,"25":1,"26":2,"27":2,"28":2,"29":2,"30":2,"31":1,"32":1,"33":1,"34":1,"35":1,"36":2,"37":2,"38":2,"39":2,"40":2,"41":1,"42":1,"43":1,"44":1,"45":2},"f":{"0":2,"1":2,"2":1,"3":2,"4":2,"5":2},"b":{"0":[1],"1":[1],"2":[1],"3":[1]}}
,"C:\\PROGRAMACIO\\ProjectesREACT\\rest_api_node_ts_server\\src\\middleware\\index.ts": {"path":"C:\\PROGRAMACIO\\ProjectesREACT\\rest_api_node_ts_server\\src\\middleware\\index.ts","statementMap":{"0":{"start":{"line":1,"column":0},"end":{"line":1,"column":52}},"1":{"start":{"line":3,"column":33},"end":{"line":14,"column":1}},"2":{"start":{"line":7,"column":17},"end":{"line":7,"column":38}},"3":{"start":{"line":8,"column":4},"end":{"line":11,"column":5}},"4":{"start":{"line":9,"column":8},"end":{"line":9,"column":null}},"5":{"start":{"line":10,"column":8},"end":{"line":10,"column":14}},"6":{"start":{"line":12,"column":4},"end":{"line":12,"column":null}},"7":{"start":{"line":3,"column":13},"end":{"line":3,"column":33}}},"fnMap":{"0":{"name":"(anonymous_0)","decl":{"start":{"line":3,"column":33},"end":{"line":3,"column":34}},"loc":{"start":{"line":3,"column":85},"end":{"line":14,"column":1}}}},"branchMap":{"0":{"loc":{"start":{"line":8,"column":4},"end":{"line":11,"column":5}},"type":"if","locations":[{"start":{"line":8,"column":4},"end":{"line":11,"column":5}}]}},"s":{"0":2,"1":2,"2":16,"3":16,"4":7,"5":7,"6":9,"7":2},"f":{"0":16},"b":{"0":[7]}}
,"C:\\PROGRAMACIO\\ProjectesREACT\\rest_api_node_ts_server\\src\\models\\Product.model.ts": {"path":"C:\\PROGRAMACIO\\ProjectesREACT\\rest_api_node_ts_server\\src\\models\\Product.model.ts","statementMap":{"0":{"start":{"line":1,"column":0},"end":{"line":1,"column":75}},"1":{"start":{"line":7,"column":0},"end":{"line":24,"column":null}},"2":{"start":{"line":11,"column":4},"end":{"line":11,"column":null}},"3":{"start":{"line":17,"column":4},"end":{"line":17,"column":null}},"4":{"start":{"line":23,"column":4},"end":{"line":23,"column":null}},"5":{"start":{"line":7,"column":6},"end":{"line":24,"column":null}},"6":{"start":{"line":25,"column":0},"end":{"line":25,"column":null}}},"fnMap":{},"branchMap":{},"s":{"0":3,"1":3,"2":3,"3":3,"4":3,"5":3,"6":3},"f":{},"b":{}}
}
