TN:
SF:src\router.ts
FN:28,(anonymous_0)
FN:42,(anonymous_1)
FNF:2
FNH:2
FNDA:3,(anonymous_0)
FNDA:5,(anonymous_1)
DA:1,2
DA:2,2
DA:3,2
DA:4,2
DA:6,2
DA:10,2
DA:11,2
DA:19,2
DA:28,3
DA:34,2
DA:42,5
DA:51,2
DA:56,2
DA:63,2
LF:14
LH:14
BRF:0
BRH:0
end_of_record
TN:
SF:src\server.ts
FN:7,connectDB
FN:32,(anonymous_2)
FNF:2
FNH:2
FNDA:3,connectDB
FNDA:1,(anonymous_2)
DA:1,2
DA:2,2
DA:3,2
DA:7,2
DA:10,3
DA:11,3
DA:12,2
DA:15,1
DA:22,2
DA:24,2
DA:27,2
DA:31,2
DA:32,2
DA:33,1
DA:35,2
LF:15
LH:15
BRF:0
BRH:0
end_of_record
TN:
SF:src\config\db.ts
FNF:0
FNH:0
DA:1,2
DA:2,2
DA:4,2
DA:6,2
DA:16,2
LF:5
LH:5
BRF:0
BRH:0
end_of_record
TN:
SF:src\handlers\product.ts
FN:7,(anonymous_1)
FN:19,(anonymous_2)
FN:31,(anonymous_3)
FN:40,(anonymous_4)
FN:60,(anonymous_5)
FN:78,(anonymous_6)
FNF:6
FNH:6
FNDA:2,(anonymous_1)
FNDA:2,(anonymous_2)
FNDA:1,(anonymous_3)
FNDA:2,(anonymous_4)
FNDA:2,(anonymous_5)
FNDA:2,(anonymous_6)
DA:3,2
DA:7,2
DA:9,2
DA:16,2
DA:19,2
DA:21,2
DA:22,2
DA:23,2
DA:24,1
DA:25,1
DA:27,1
DA:31,2
DA:33,1
DA:34,1
DA:40,2
DA:42,2
DA:43,2
DA:44,2
DA:45,1
DA:46,1
DA:51,1
DA:53,1
DA:55,1
DA:60,2
DA:62,2
DA:63,2
DA:64,2
DA:65,1
DA:66,1
DA:70,1
DA:71,1
DA:73,1
DA:78,2
DA:80,2
DA:81,2
DA:82,2
DA:83,1
DA:84,1
DA:86,1
DA:88,1
LF:40
LH:40
BRDA:23,0,0,1
BRDA:44,1,0,1
BRDA:64,2,0,1
BRDA:82,3,0,1
BRF:4
BRH:4
end_of_record
TN:
SF:src\middleware\index.ts
FN:3,(anonymous_0)
FNF:1
FNH:1
FNDA:16,(anonymous_0)
DA:1,2
DA:3,2
DA:7,16
DA:8,16
DA:9,7
DA:10,7
DA:12,9
LF:7
LH:7
BRDA:8,0,0,7
BRF:1
BRH:1
end_of_record
TN:
SF:src\models\Product.model.ts
FNF:0
FNH:0
DA:1,3
DA:7,3
DA:11,3
DA:17,3
DA:23,3
DA:25,3
LF:6
LH:6
BRF:0
BRH:0
end_of_record
